<?xml version="1.0" encoding="UTF-8"?>
<!-- Generated by org.testng.reporters.JUnitXMLReporter -->
<testsuite ignored="8" hostname="rganjare" failures="1" tests="5" name="Test" time="73.857" errors="0" timestamp="2024-05-18T06:48:13 BST">
  <testcase classname="com.companyname.projectname.module.testBase.TestBase" name="@BeforeClass getTestCaseName" time="0.002">
    <skipped/>
  </testcase> <!-- @BeforeClass getTestCaseName -->
  <testcase classname="com.companyname.projectname.module.testBase.TestBase" name="@BeforeMethod launchBrowser" time="-1.716011293695E9">
    <skipped/>
  </testcase> <!-- @BeforeMethod launchBrowser -->
  <testcase classname="com.companyname.projectname.module.testBase.TestBase" name="@AfterMethod CloseBrowser" time="-1.716011293697E9">
    <skipped/>
  </testcase> <!-- @AfterMethod CloseBrowser -->
  <testcase classname="com.companyname.projectname.module.testcases.RegisterUser" name="registerUser" time="5.835"/>
  <testcase classname="com.companyname.projectname.module.testcases.RegisterUser1" name="registerUser1" time="13.113">
    <failure type="org.openqa.selenium.NoSuchElementException" message="no such element: Unable to locate element: {&amp;quot;method&amp;quot;:&amp;quot;xpath&amp;quot;,&amp;quot;selector&amp;quot;:&amp;quot;//*[text()=&amp;quot;Enter Account Information&amp;quot;]&amp;quot;}
  (Session info: chrome=124.0.6367.209)
For documentation on this error, please visit: https://www.selenium.dev/documentation/webdriver/troubleshooting/errors#no-such-element-exception
Build info: version: &amp;apos;4.18.1&amp;apos;, revision: &amp;apos;b1d3319b48&amp;apos;
System info: os.name: &amp;apos;Windows 10&amp;apos;, os.arch: &amp;apos;amd64&amp;apos;, os.version: &amp;apos;10.0&amp;apos;, java.version: &amp;apos;16.0.2&amp;apos;
Driver info: org.openqa.selenium.chrome.ChromeDriver
Command: [cc243d6b1bebe6373aeb571f50592315, findElement {using=xpath, value=//*[text()=&amp;quot;Enter Account Information&amp;quot;]}]
Capabilities {acceptInsecureCerts: false, browserName: chrome, browserVersion: 124.0.6367.209, chrome: {chromedriverVersion: 124.0.6367.207 (a9001a6e39f..., userDataDir: C:\Users\rahul\AppData\Loca...}, fedcm:accounts: true, goog:chromeOptions: {debuggerAddress: localhost:53190}, networkConnectionEnabled: false, pageLoadStrategy: normal, platformName: windows, proxy: Proxy(), se:cdp: ws://localhost:53190/devtoo..., se:cdpVersion: 124.0.6367.209, setWindowRect: true, strictFileInteractability: false, timeouts: {implicit: 0, pageLoad: 300000, script: 30000}, unhandledPromptBehavior: dismiss and notify, webauthn:extension:credBlob: true, webauthn:extension:largeBlob: true, webauthn:extension:minPinLength: true, webauthn:extension:prf: true, webauthn:virtualAuthenticators: true}
Session ID: cc243d6b1bebe6373aeb571f50592315">
      <![CDATA[org.openqa.selenium.NoSuchElementException: no such element: Unable to locate element: {"method":"xpath","selector":"//*[text()="Enter Account Information"]"}
  (Session info: chrome=124.0.6367.209)
For documentation on this error, please visit: https://www.selenium.dev/documentation/webdriver/troubleshooting/errors#no-such-element-exception
Build info: version: '4.18.1', revision: 'b1d3319b48'
System info: os.name: 'Windows 10', os.arch: 'amd64', os.version: '10.0', java.version: '16.0.2'
Driver info: org.openqa.selenium.chrome.ChromeDriver
Command: [cc243d6b1bebe6373aeb571f50592315, findElement {using=xpath, value=//*[text()="Enter Account Information"]}]
Capabilities {acceptInsecureCerts: false, browserName: chrome, browserVersion: 124.0.6367.209, chrome: {chromedriverVersion: 124.0.6367.207 (a9001a6e39f..., userDataDir: C:\Users\rahul\AppData\Loca...}, fedcm:accounts: true, goog:chromeOptions: {debuggerAddress: localhost:53190}, networkConnectionEnabled: false, pageLoadStrategy: normal, platformName: windows, proxy: Proxy(), se:cdp: ws://localhost:53190/devtoo..., se:cdpVersion: 124.0.6367.209, setWindowRect: true, strictFileInteractability: false, timeouts: {implicit: 0, pageLoad: 300000, script: 30000}, unhandledPromptBehavior: dismiss and notify, webauthn:extension:credBlob: true, webauthn:extension:largeBlob: true, webauthn:extension:minPinLength: true, webauthn:extension:prf: true, webauthn:virtualAuthenticators: true}
Session ID: cc243d6b1bebe6373aeb571f50592315
at org.openqa.selenium.remote.ErrorCodec.decode(ErrorCodec.java:167)
at org.openqa.selenium.remote.codec.w3c.W3CHttpResponseCodec.decode(W3CHttpResponseCodec.java:138)
at org.openqa.selenium.remote.codec.w3c.W3CHttpResponseCodec.decode(W3CHttpResponseCodec.java:50)
at org.openqa.selenium.remote.HttpCommandExecutor.execute(HttpCommandExecutor.java:190)
at org.openqa.selenium.remote.service.DriverCommandExecutor.invokeExecute(DriverCommandExecutor.java:216)
at org.openqa.selenium.remote.service.DriverCommandExecutor.execute(DriverCommandExecutor.java:174)
at org.openqa.selenium.remote.RemoteWebDriver.execute(RemoteWebDriver.java:519)
at org.openqa.selenium.remote.ElementLocation$ElementFinder$2.findElement(ElementLocation.java:165)
at org.openqa.selenium.remote.ElementLocation.findElement(ElementLocation.java:59)
at org.openqa.selenium.remote.RemoteWebDriver.findElement(RemoteWebDriver.java:356)
at org.openqa.selenium.remote.RemoteWebDriver.findElement(RemoteWebDriver.java:350)
at com.companyname.projectname.module.utilities.CommonMethods.isElementPresent(CommonMethods.java:37)
at com.companyname.projectname.module.utilities.CommonMethods.verifyText(CommonMethods.java:48)
at com.companyname.projectname.module.testcases.RegisterUser1.registerUser1(RegisterUser1.java:30)
at java.base/java.util.ArrayList.forEach(ArrayList.java:1511)
... Removed 35 stack frames]]>
    </failure>
  </testcase> <!-- registerUser1 -->
  <testcase classname="com.companyname.projectname.module.testcases.RegisterUser2" name="registerUser2" time="7.801"/>
  <testcase classname="com.companyname.projectname.module.testcases.RegisterUser3" name="registerUser3" time="6.08"/>
  <testcase classname="com.companyname.projectname.module.testcases.RegisterUser4" name="registerUser4" time="0.0">
    <skipped/>
  </testcase> <!-- registerUser4 -->
  <testcase classname="com.companyname.projectname.module.testBase.TestBase" name="@BeforeSuite init" time="0.0">
    <ignored/>
  </testcase> <!-- @BeforeSuite init -->
  <testcase classname="com.companyname.projectname.module.testBase.TestBase" name="@BeforeSuite init" time="0.0">
    <ignored/>
  </testcase> <!-- @BeforeSuite init -->
  <testcase classname="com.companyname.projectname.module.testBase.TestBase" name="@BeforeSuite init" time="0.0">
    <ignored/>
  </testcase> <!-- @BeforeSuite init -->
  <testcase classname="com.companyname.projectname.module.testBase.TestBase" name="@BeforeSuite init" time="0.0">
    <ignored/>
  </testcase> <!-- @BeforeSuite init -->
  <testcase classname="com.companyname.projectname.module.testBase.TestBase" name="@AfterSuite CloseReporter" time="0.0">
    <ignored/>
  </testcase> <!-- @AfterSuite CloseReporter -->
  <testcase classname="com.companyname.projectname.module.testBase.TestBase" name="@AfterSuite CloseReporter" time="0.0">
    <ignored/>
  </testcase> <!-- @AfterSuite CloseReporter -->
  <testcase classname="com.companyname.projectname.module.testBase.TestBase" name="@AfterSuite CloseReporter" time="0.0">
    <ignored/>
  </testcase> <!-- @AfterSuite CloseReporter -->
  <testcase classname="com.companyname.projectname.module.testBase.TestBase" name="@AfterSuite CloseReporter" time="0.0">
    <ignored/>
  </testcase> <!-- @AfterSuite CloseReporter -->
</testsuite> <!-- Test -->
