<?xml version="1.0" encoding="UTF-8"?>
<!-- Generated by org.testng.reporters.JUnitXMLReporter -->
<testsuite ignored="8" hostname="rganjare" failures="1" tests="5" name="Test" time="70.323" errors="0" timestamp="2024-07-18T17:41:07 BST">
  <testcase classname="com.companyname.projectname.module.testBase.TestBase" name="@BeforeClass getTestCaseName" time="0.002">
    <skipped/>
  </testcase> <!-- @BeforeClass getTestCaseName -->
  <testcase classname="com.companyname.projectname.module.testBase.TestBase" name="@BeforeMethod launchBrowser" time="-1.721320866884E9">
    <skipped/>
  </testcase> <!-- @BeforeMethod launchBrowser -->
  <testcase classname="com.companyname.projectname.module.testBase.TestBase" name="@AfterMethod CloseBrowser" time="-1.721320866899E9">
    <skipped/>
  </testcase> <!-- @AfterMethod CloseBrowser -->
  <testcase classname="com.companyname.projectname.module.testBase.TestBase" name="@BeforeClass getTestCaseName" time="0.001">
    <skipped/>
  </testcase> <!-- @BeforeClass getTestCaseName -->
  <testcase classname="com.companyname.projectname.module.testBase.TestBase" name="@BeforeMethod launchBrowser" time="-1.721320866933E9">
    <skipped/>
  </testcase> <!-- @BeforeMethod launchBrowser -->
  <testcase classname="com.companyname.projectname.module.testBase.TestBase" name="@AfterMethod CloseBrowser" time="-1.721320866943E9">
    <skipped/>
  </testcase> <!-- @AfterMethod CloseBrowser -->
  <testcase classname="com.companyname.projectname.module.testBase.TestBase" name="@BeforeClass getTestCaseName" time="0.001">
    <skipped/>
  </testcase> <!-- @BeforeClass getTestCaseName -->
  <testcase classname="com.companyname.projectname.module.testBase.TestBase" name="@BeforeMethod launchBrowser" time="-1.721320866959E9">
    <skipped/>
  </testcase> <!-- @BeforeMethod launchBrowser -->
  <testcase classname="com.companyname.projectname.module.testBase.TestBase" name="@AfterMethod CloseBrowser" time="-1.721320866983E9">
    <skipped/>
  </testcase> <!-- @AfterMethod CloseBrowser -->
  <testcase classname="com.companyname.projectname.module.testcases.RegisterUser" name="registerUser" time="15.992"/>
  <testcase classname="com.companyname.projectname.module.testcases.RegisterUser1" name="registerUser1" time="24.404">
    <failure type="org.openqa.selenium.NoSuchElementException" message="no such element: Unable to locate element: {&amp;quot;method&amp;quot;:&amp;quot;xpath&amp;quot;,&amp;quot;selector&amp;quot;:&amp;quot;//*[text()=&amp;quot;Enter Account Information&amp;quot;]&amp;quot;}
  (Session info: chrome=126.0.6478.128)
For documentation on this error, please visit: https://www.selenium.dev/documentation/webdriver/troubleshooting/errors#no-such-element-exception
Build info: version: &amp;apos;4.18.1&amp;apos;, revision: &amp;apos;b1d3319b48&amp;apos;
System info: os.name: &amp;apos;Windows 10&amp;apos;, os.arch: &amp;apos;amd64&amp;apos;, os.version: &amp;apos;10.0&amp;apos;, java.version: &amp;apos;16.0.2&amp;apos;
Driver info: org.openqa.selenium.chrome.ChromeDriver
Command: [7b55122d984df34c7794e71b394fb8b2, findElement {value=//*[text()=&amp;quot;Enter Account Information&amp;quot;], using=xpath}]
Capabilities {acceptInsecureCerts: false, browserName: chrome, browserVersion: 126.0.6478.128, chrome: {chromedriverVersion: 126.0.6478.182 (5b5d8292ddf..., userDataDir: C:\Users\rahul\AppData\Loca...}, fedcm:accounts: true, goog:chromeOptions: {debuggerAddress: localhost:61550}, networkConnectionEnabled: false, pageLoadStrategy: normal, platformName: windows, proxy: Proxy(), se:cdp: ws://localhost:61550/devtoo..., se:cdpVersion: 126.0.6478.128, setWindowRect: true, strictFileInteractability: false, timeouts: {implicit: 0, pageLoad: 300000, script: 30000}, unhandledPromptBehavior: dismiss and notify, webauthn:extension:credBlob: true, webauthn:extension:largeBlob: true, webauthn:extension:minPinLength: true, webauthn:extension:prf: true, webauthn:virtualAuthenticators: true}
Session ID: 7b55122d984df34c7794e71b394fb8b2">
      <![CDATA[org.openqa.selenium.NoSuchElementException: no such element: Unable to locate element: {"method":"xpath","selector":"//*[text()="Enter Account Information"]"}
  (Session info: chrome=126.0.6478.128)
For documentation on this error, please visit: https://www.selenium.dev/documentation/webdriver/troubleshooting/errors#no-such-element-exception
Build info: version: '4.18.1', revision: 'b1d3319b48'
System info: os.name: 'Windows 10', os.arch: 'amd64', os.version: '10.0', java.version: '16.0.2'
Driver info: org.openqa.selenium.chrome.ChromeDriver
Command: [7b55122d984df34c7794e71b394fb8b2, findElement {value=//*[text()="Enter Account Information"], using=xpath}]
Capabilities {acceptInsecureCerts: false, browserName: chrome, browserVersion: 126.0.6478.128, chrome: {chromedriverVersion: 126.0.6478.182 (5b5d8292ddf..., userDataDir: C:\Users\rahul\AppData\Loca...}, fedcm:accounts: true, goog:chromeOptions: {debuggerAddress: localhost:61550}, networkConnectionEnabled: false, pageLoadStrategy: normal, platformName: windows, proxy: Proxy(), se:cdp: ws://localhost:61550/devtoo..., se:cdpVersion: 126.0.6478.128, setWindowRect: true, strictFileInteractability: false, timeouts: {implicit: 0, pageLoad: 300000, script: 30000}, unhandledPromptBehavior: dismiss and notify, webauthn:extension:credBlob: true, webauthn:extension:largeBlob: true, webauthn:extension:minPinLength: true, webauthn:extension:prf: true, webauthn:virtualAuthenticators: true}
Session ID: 7b55122d984df34c7794e71b394fb8b2
at org.openqa.selenium.remote.ErrorCodec.decode(ErrorCodec.java:167)
at org.openqa.selenium.remote.codec.w3c.W3CHttpResponseCodec.decode(W3CHttpResponseCodec.java:138)
at org.openqa.selenium.remote.codec.w3c.W3CHttpResponseCodec.decode(W3CHttpResponseCodec.java:50)
at org.openqa.selenium.remote.HttpCommandExecutor.execute(HttpCommandExecutor.java:190)
at org.openqa.selenium.remote.service.DriverCommandExecutor.invokeExecute(DriverCommandExecutor.java:216)
at org.openqa.selenium.remote.service.DriverCommandExecutor.execute(DriverCommandExecutor.java:174)
at org.openqa.selenium.remote.RemoteWebDriver.execute(RemoteWebDriver.java:519)
at org.openqa.selenium.remote.ElementLocation$ElementFinder$2.findElement(ElementLocation.java:165)
at org.openqa.selenium.remote.ElementLocation.findElement(ElementLocation.java:59)
at org.openqa.selenium.remote.RemoteWebDriver.findElement(RemoteWebDriver.java:356)
at org.openqa.selenium.remote.RemoteWebDriver.findElement(RemoteWebDriver.java:350)
at com.companyname.projectname.module.utilities.CommonMethods.isElementPresent(CommonMethods.java:50)
at com.companyname.projectname.module.utilities.CommonMethods.verifyText(CommonMethods.java:61)
at com.companyname.projectname.module.testcases.RegisterUser1.registerUser1(RegisterUser1.java:32)
at java.base/java.util.ArrayList.forEach(ArrayList.java:1511)
... Removed 32 stack frames]]>
    </failure>
  </testcase> <!-- registerUser1 -->
  <testcase classname="com.companyname.projectname.module.testcases.RegisterUser2" name="registerUser2" time="0.0">
    <skipped/>
  </testcase> <!-- registerUser2 -->
  <testcase classname="com.companyname.projectname.module.testcases.RegisterUser3" name="registerUser3" time="0.0">
    <skipped/>
  </testcase> <!-- registerUser3 -->
  <testcase classname="com.companyname.projectname.module.testcases.RegisterUser4" name="registerUser4" time="0.0">
    <skipped/>
  </testcase> <!-- registerUser4 -->
  <testcase classname="com.companyname.projectname.module.testBase.TestBase" name="@BeforeSuite init" time="0.0">
    <ignored/>
  </testcase> <!-- @BeforeSuite init -->
  <testcase classname="com.companyname.projectname.module.testBase.TestBase" name="@BeforeSuite init" time="0.0">
    <ignored/>
  </testcase> <!-- @BeforeSuite init -->
  <testcase classname="com.companyname.projectname.module.testBase.TestBase" name="@BeforeSuite init" time="0.0">
    <ignored/>
  </testcase> <!-- @BeforeSuite init -->
  <testcase classname="com.companyname.projectname.module.testBase.TestBase" name="@BeforeSuite init" time="0.0">
    <ignored/>
  </testcase> <!-- @BeforeSuite init -->
  <testcase classname="com.companyname.projectname.module.testBase.TestBase" name="@AfterSuite CloseReporter" time="0.0">
    <ignored/>
  </testcase> <!-- @AfterSuite CloseReporter -->
  <testcase classname="com.companyname.projectname.module.testBase.TestBase" name="@AfterSuite CloseReporter" time="0.0">
    <ignored/>
  </testcase> <!-- @AfterSuite CloseReporter -->
  <testcase classname="com.companyname.projectname.module.testBase.TestBase" name="@AfterSuite CloseReporter" time="0.0">
    <ignored/>
  </testcase> <!-- @AfterSuite CloseReporter -->
  <testcase classname="com.companyname.projectname.module.testBase.TestBase" name="@AfterSuite CloseReporter" time="0.0">
    <ignored/>
  </testcase> <!-- @AfterSuite CloseReporter -->
</testsuite> <!-- Test -->
